[debug] [2021-09-15T07:10:32.595Z] ----------------------------------------------------------------------
[debug] [2021-09-15T07:10:32.597Z] Command:       C:\Program Files\nodejs\node.exe C:\Users\Ricky\AppData\Roaming\npm\node_modules\firebase-tools\lib\bin\firebase.js emulators:start
[debug] [2021-09-15T07:10:32.598Z] CLI Version:   9.18.0
[debug] [2021-09-15T07:10:32.598Z] Platform:      win32
[debug] [2021-09-15T07:10:32.598Z] Node Version:  v14.15.1
[debug] [2021-09-15T07:10:32.599Z] Time:          Wed Sep 15 2021 01:10:32 GMT-0600 (Mountain Daylight Time)
[debug] [2021-09-15T07:10:32.599Z] ----------------------------------------------------------------------
[debug] 
[debug] [2021-09-15T07:10:32.666Z] > command requires scopes: ["email","openid","https://www.googleapis.com/auth/cloudplatformprojects.readonly","https://www.googleapis.com/auth/firebase","https://www.googleapis.com/auth/cloud-platform"]
[debug] [2021-09-15T07:10:32.666Z] > authorizing via signed-in user (rheredia420@gmail.com)
[info] i  emulators: Starting emulators: functions, hosting {"metadata":{"emulator":{"name":"hub"},"message":"Starting emulators: functions, hosting"}}
[debug] [2021-09-15T07:10:32.692Z] [hub] writing locator at C:\Users\Ricky\AppData\Local\Temp\hub-clone-d53f0.json
[warn] !  functions: The following emulators are not running, calls to these services from the Functions emulator will affect production: auth, firestore, database, pubsub, storage {"metadata":{"emulator":{"name":"functions"},"message":"The following emulators are not running, calls to these services from the Functions emulator will affect production: \u001b[1mauth, firestore, database, pubsub, storage\u001b[22m"}}
[info] +  functions: Using node@14 from host. {"metadata":{"emulator":{"name":"functions"},"message":"Using node@14 from host."}}
[debug] [2021-09-15T07:10:32.743Z] defaultcredentials: writing to file C:\Users\Ricky\AppData\Roaming\firebase\rheredia420_gmail_com_application_default_credentials.json
[debug] [2021-09-15T07:10:32.746Z] Setting GAC to C:\Users\Ricky\AppData\Roaming\firebase\rheredia420_gmail_com_application_default_credentials.json {"metadata":{"emulator":{"name":"functions"},"message":"Setting GAC to C:\\Users\\Ricky\\AppData\\Roaming\\firebase\\rheredia420_gmail_com_application_default_credentials.json"}}
[debug] [2021-09-15T07:10:32.749Z] > refreshing access token with scopes: []
[debug] [2021-09-15T07:10:32.751Z] >>> HTTP REQUEST POST https://www.googleapis.com/oauth2/v3/token  
 <request body omitted>
[debug] [2021-09-15T07:10:32.897Z] <<< HTTP RESPONSE 200 {"pragma":"no-cache","cache-control":"no-cache, no-store, max-age=0, must-revalidate","expires":"Mon, 01 Jan 1990 00:00:00 GMT","date":"Wed, 15 Sep 2021 07:10:31 GMT","content-type":"application/json; charset=utf-8","vary":"X-Origin, Referer, Origin,Accept-Encoding","server":"scaffolding on HTTPServer2","x-xss-protection":"0","x-frame-options":"SAMEORIGIN","x-content-type-options":"nosniff","alt-svc":"h3=\":443\"; ma=2592000,h3-29=\":443\"; ma=2592000,h3-T051=\":443\"; ma=2592000,h3-Q050=\":443\"; ma=2592000,h3-Q046=\":443\"; ma=2592000,h3-Q043=\":443\"; ma=2592000,quic=\":443\"; ma=2592000; v=\"46,43\"","accept-ranges":"none","transfer-encoding":"chunked"}
[debug] [2021-09-15T07:10:32.907Z] >>> [apiv2][query] GET https://firebase.googleapis.com/v1beta1/projects/clone-d53f0/adminSdkConfig [none]
[debug] [2021-09-15T07:10:33.262Z] <<< [apiv2][status] GET https://firebase.googleapis.com/v1beta1/projects/clone-d53f0/adminSdkConfig 200
[debug] [2021-09-15T07:10:33.262Z] <<< [apiv2][body] GET https://firebase.googleapis.com/v1beta1/projects/clone-d53f0/adminSdkConfig {"projectId":"clone-d53f0","storageBucket":"clone-d53f0.appspot.com","locationId":"us-central"}
[debug] [2021-09-15T07:10:33.274Z] >>> [apiv2][query] GET https://firebasehosting.googleapis.com/v1beta1/projects/clone-d53f0/sites 
[debug] [2021-09-15T07:10:33.607Z] <<< [apiv2][status] GET https://firebasehosting.googleapis.com/v1beta1/projects/clone-d53f0/sites 200
[debug] [2021-09-15T07:10:33.607Z] <<< [apiv2][body] GET https://firebasehosting.googleapis.com/v1beta1/projects/clone-d53f0/sites {"sites":[{"name":"projects/451758388759/sites/clone-d53f0","defaultUrl":"https://clone-d53f0.web.app","appId":"1:451758388759:web:dd0ca6c814285b83314e52","type":"DEFAULT_SITE"}]}
[debug] [2021-09-15T07:10:33.607Z] >>> [apiv2][query] GET https://firebase.googleapis.com/v1beta1/projects/clone-d53f0/webApps/1:451758388759:web:dd0ca6c814285b83314e52/config [none]
[debug] [2021-09-15T07:10:33.996Z] <<< [apiv2][status] GET https://firebase.googleapis.com/v1beta1/projects/clone-d53f0/webApps/1:451758388759:web:dd0ca6c814285b83314e52/config 200
[debug] [2021-09-15T07:10:33.996Z] <<< [apiv2][body] GET https://firebase.googleapis.com/v1beta1/projects/clone-d53f0/webApps/1:451758388759:web:dd0ca6c814285b83314e52/config {"projectId":"clone-d53f0","appId":"1:451758388759:web:dd0ca6c814285b83314e52","storageBucket":"clone-d53f0.appspot.com","locationId":"us-central","apiKey":"AIzaSyBSeVn9slPX4lFdxDGb1YLdzbFr7lb7j7c","authDomain":"clone-d53f0.firebaseapp.com","messagingSenderId":"451758388759"}
[info] i  hosting: Serving hosting files from: build {"metadata":{"emulator":{"name":"hosting"},"message":"Serving hosting files from: \u001b[1mbuild\u001b[22m"}}
[info] +  hosting: Local server: http://localhost:5000 {"metadata":{"emulator":{"name":"hosting"},"message":"Local server: \u001b[4m\u001b[1mhttp://localhost:5000\u001b[22m\u001b[24m"}}
[info] i  ui: downloading ui-v1.6.3.zip... {"metadata":{"emulator":{"name":"ui"},"message":"downloading ui-v1.6.3.zip..."}}
[debug] [2021-09-15T07:10:34.052Z] >>> [apiv2][query] GET https://storage.googleapis.com/firebase-preview-drop/emulator/ui-v1.6.3.zip 
[debug] [2021-09-15T07:10:34.389Z] <<< [apiv2][status] GET https://storage.googleapis.com/firebase-preview-drop/emulator/ui-v1.6.3.zip 200
[debug] [2021-09-15T07:10:34.389Z] <<< [apiv2][body] GET https://storage.googleapis.com/firebase-preview-drop/emulator/ui-v1.6.3.zip [stream]
[debug] [2021-09-15T07:10:34.941Z] Ignoring unsupported arg: auto_download {"metadata":{"emulator":{"name":"ui"},"message":"Ignoring unsupported arg: auto_download"}}
[debug] [2021-09-15T07:10:34.942Z] Ignoring unsupported arg: port {"metadata":{"emulator":{"name":"ui"},"message":"Ignoring unsupported arg: port"}}
[debug] [2021-09-15T07:10:34.942Z] Starting Emulator UI with command {"binary":"node","args":["C:\\Users\\Ricky\\.cache\\firebase\\emulators\\ui-v1.6.3\\server.bundle.js"],"optionalArgs":[],"joinArgs":false} {"metadata":{"emulator":{"name":"ui"},"message":"Starting Emulator UI with command {\"binary\":\"node\",\"args\":[\"C:\\\\Users\\\\Ricky\\\\.cache\\\\firebase\\\\emulators\\\\ui-v1.6.3\\\\server.bundle.js\"],\"optionalArgs\":[],\"joinArgs\":false}"}}
[info] i  ui: Emulator UI logging to ui-debug.log {"metadata":{"emulator":{"name":"ui"},"message":"Emulator UI logging to \u001b[1mui-debug.log\u001b[22m"}}
[debug] [2021-09-15T07:10:35.099Z] Web / API server started at localhost:4000
 {"metadata":{"emulator":{"name":"ui"},"message":"Web / API server started at localhost:4000\n"}}
[info] i  functions: Watching "C:\Users\Ricky\Desktop\AmazonClone\amazon-clone\amazon-clone\functions" for Cloud Functions... {"metadata":{"emulator":{"name":"functions"},"message":"Watching \"C:\\Users\\Ricky\\Desktop\\AmazonClone\\amazon-clone\\amazon-clone\\functions\" for Cloud Functions..."}}
[debug] [2021-09-15T07:10:35.235Z] [worker-pool] addWorker(~diagnostic~) {"metadata":{"emulator":{"name":"functions"},"message":"[worker-pool] addWorker(~diagnostic~)"}}
[debug] [2021-09-15T07:10:35.236Z] [worker-pool] Adding worker with key ~diagnostic~, total=1 {"metadata":{"emulator":{"name":"functions"},"message":"[worker-pool] Adding worker with key ~diagnostic~, total=1"}}
[debug] [2021-09-15T07:10:35.236Z] [worker-pool] submitWork(triggerId=) {"metadata":{"emulator":{"name":"functions"},"message":"[worker-pool] submitWork(triggerId=)"}}
[debug] [2021-09-15T07:10:35.236Z] [worker-~diagnostic~-63b82a79-25d5-441f-a2fa-e5e024616fcb]: Assigning socketPath: \\?\pipe\C:\Users\Ricky\Desktop\AmazonClone\amazon-clone\amazon-clone\functions\8976 {"metadata":{"emulator":{"name":"functions"},"message":"[worker-~diagnostic~-63b82a79-25d5-441f-a2fa-e5e024616fcb]: Assigning socketPath: \\\\?\\pipe\\C:\\Users\\Ricky\\Desktop\\AmazonClone\\amazon-clone\\amazon-clone\\functions\\8976"}}
[debug] [2021-09-15T07:10:35.237Z] [worker-~diagnostic~-63b82a79-25d5-441f-a2fa-e5e024616fcb]: BUSY {"metadata":{"emulator":{"name":"functions"},"message":"[worker-~diagnostic~-63b82a79-25d5-441f-a2fa-e5e024616fcb]: BUSY"}}
[debug] [2021-09-15T07:10:35.815Z] [runtime-status] [8976] Functions runtime initialized. {"cwd":"C:\\Users\\Ricky\\Desktop\\AmazonClone\\amazon-clone\\amazon-clone\\functions","node_version":"14.15.1"} {"metadata":{"emulator":{"name":"functions"},"message":"[runtime-status] [8976] Functions runtime initialized. {\"cwd\":\"C:\\\\Users\\\\Ricky\\\\Desktop\\\\AmazonClone\\\\amazon-clone\\\\amazon-clone\\\\functions\",\"node_version\":\"14.15.1\"}"}}
[debug] [2021-09-15T07:10:35.819Z] [runtime-status] [8976] Disabled runtime features: undefined {"metadata":{"emulator":{"name":"functions"},"message":"[runtime-status] [8976] Disabled runtime features: undefined"}}
[debug] [2021-09-15T07:10:35.825Z] [runtime-status] [8976] Resolved module firebase-admin {"declared":true,"installed":true,"version":"9.11.1","resolution":"C:\\Users\\Ricky\\Desktop\\AmazonClone\\amazon-clone\\amazon-clone\\functions\\node_modules\\firebase-admin\\lib\\index.js"} {"metadata":{"emulator":{"name":"functions"},"message":"[runtime-status] [8976] Resolved module firebase-admin {\"declared\":true,\"installed\":true,\"version\":\"9.11.1\",\"resolution\":\"C:\\\\Users\\\\Ricky\\\\Desktop\\\\AmazonClone\\\\amazon-clone\\\\amazon-clone\\\\functions\\\\node_modules\\\\firebase-admin\\\\lib\\\\index.js\"}"}}
[debug] [2021-09-15T07:10:35.832Z] [runtime-status] [8976] Resolved module firebase-functions {"declared":true,"installed":true,"version":"3.15.5","resolution":"C:\\Users\\Ricky\\Desktop\\AmazonClone\\amazon-clone\\amazon-clone\\functions\\node_modules\\firebase-functions\\lib\\index.js"} {"metadata":{"emulator":{"name":"functions"},"message":"[runtime-status] [8976] Resolved module firebase-functions {\"declared\":true,\"installed\":true,\"version\":\"3.15.5\",\"resolution\":\"C:\\\\Users\\\\Ricky\\\\Desktop\\\\AmazonClone\\\\amazon-clone\\\\amazon-clone\\\\functions\\\\node_modules\\\\firebase-functions\\\\lib\\\\index.js\"}"}}
[debug] [2021-09-15T07:10:35.836Z] [runtime-status] [8976] Resolved module firebase-functions {"declared":true,"installed":true,"version":"3.15.5","resolution":"C:\\Users\\Ricky\\Desktop\\AmazonClone\\amazon-clone\\amazon-clone\\functions\\node_modules\\firebase-functions\\lib\\index.js"} {"metadata":{"emulator":{"name":"functions"},"message":"[runtime-status] [8976] Resolved module firebase-functions {\"declared\":true,\"installed\":true,\"version\":\"3.15.5\",\"resolution\":\"C:\\\\Users\\\\Ricky\\\\Desktop\\\\AmazonClone\\\\amazon-clone\\\\amazon-clone\\\\functions\\\\node_modules\\\\firebase-functions\\\\lib\\\\index.js\"}"}}
[debug] [2021-09-15T07:10:35.838Z] [runtime-status] [8976] Outgoing network have been stubbed. [{"name":"http","status":"mocked"},{"name":"http","status":"mocked"},{"name":"https","status":"mocked"},{"name":"https","status":"mocked"},{"name":"net","status":"mocked"}] {"metadata":{"emulator":{"name":"functions"},"message":"[runtime-status] [8976] Outgoing network have been stubbed. [{\"name\":\"http\",\"status\":\"mocked\"},{\"name\":\"http\",\"status\":\"mocked\"},{\"name\":\"https\",\"status\":\"mocked\"},{\"name\":\"https\",\"status\":\"mocked\"},{\"name\":\"net\",\"status\":\"mocked\"}]"}}
[debug] [2021-09-15T07:10:35.839Z] [runtime-status] [8976] Resolved module firebase-functions {"declared":true,"installed":true,"version":"3.15.5","resolution":"C:\\Users\\Ricky\\Desktop\\AmazonClone\\amazon-clone\\amazon-clone\\functions\\node_modules\\firebase-functions\\lib\\index.js"} {"metadata":{"emulator":{"name":"functions"},"message":"[runtime-status] [8976] Resolved module firebase-functions {\"declared\":true,\"installed\":true,\"version\":\"3.15.5\",\"resolution\":\"C:\\\\Users\\\\Ricky\\\\Desktop\\\\AmazonClone\\\\amazon-clone\\\\amazon-clone\\\\functions\\\\node_modules\\\\firebase-functions\\\\lib\\\\index.js\"}"}}
[debug] [2021-09-15T07:10:35.903Z] [runtime-status] [8976] Checked functions.config() {"config":{}} {"metadata":{"emulator":{"name":"functions"},"message":"[runtime-status] [8976] Checked functions.config() {\"config\":{}}"}}
[debug] [2021-09-15T07:10:35.904Z] [runtime-status] [8976] firebase-functions has been stubbed. {"functionsResolution":{"declared":true,"installed":true,"version":"3.15.5","resolution":"C:\\Users\\Ricky\\Desktop\\AmazonClone\\amazon-clone\\amazon-clone\\functions\\node_modules\\firebase-functions\\lib\\index.js"}} {"metadata":{"emulator":{"name":"functions"},"message":"[runtime-status] [8976] firebase-functions has been stubbed. {\"functionsResolution\":{\"declared\":true,\"installed\":true,\"version\":\"3.15.5\",\"resolution\":\"C:\\\\Users\\\\Ricky\\\\Desktop\\\\AmazonClone\\\\amazon-clone\\\\amazon-clone\\\\functions\\\\node_modules\\\\firebase-functions\\\\lib\\\\index.js\"}}"}}
[debug] [2021-09-15T07:10:35.904Z] [runtime-status] [8976] Resolved module firebase-functions {"declared":true,"installed":true,"version":"3.15.5","resolution":"C:\\Users\\Ricky\\Desktop\\AmazonClone\\amazon-clone\\amazon-clone\\functions\\node_modules\\firebase-functions\\lib\\index.js"} {"metadata":{"emulator":{"name":"functions"},"message":"[runtime-status] [8976] Resolved module firebase-functions {\"declared\":true,\"installed\":true,\"version\":\"3.15.5\",\"resolution\":\"C:\\\\Users\\\\Ricky\\\\Desktop\\\\AmazonClone\\\\amazon-clone\\\\amazon-clone\\\\functions\\\\node_modules\\\\firebase-functions\\\\lib\\\\index.js\"}"}}
[debug] [2021-09-15T07:10:35.906Z] [runtime-status] [8976] Resolved module firebase-admin {"declared":true,"installed":true,"version":"9.11.1","resolution":"C:\\Users\\Ricky\\Desktop\\AmazonClone\\amazon-clone\\amazon-clone\\functions\\node_modules\\firebase-admin\\lib\\index.js"} {"metadata":{"emulator":{"name":"functions"},"message":"[runtime-status] [8976] Resolved module firebase-admin {\"declared\":true,\"installed\":true,\"version\":\"9.11.1\",\"resolution\":\"C:\\\\Users\\\\Ricky\\\\Desktop\\\\AmazonClone\\\\amazon-clone\\\\amazon-clone\\\\functions\\\\node_modules\\\\firebase-admin\\\\lib\\\\index.js\"}"}}
[debug] [2021-09-15T07:10:35.907Z] [runtime-status] [8976] Resolved module firebase-functions {"declared":true,"installed":true,"version":"3.15.5","resolution":"C:\\Users\\Ricky\\Desktop\\AmazonClone\\amazon-clone\\amazon-clone\\functions\\node_modules\\firebase-functions\\lib\\index.js"} {"metadata":{"emulator":{"name":"functions"},"message":"[runtime-status] [8976] Resolved module firebase-functions {\"declared\":true,\"installed\":true,\"version\":\"3.15.5\",\"resolution\":\"C:\\\\Users\\\\Ricky\\\\Desktop\\\\AmazonClone\\\\amazon-clone\\\\amazon-clone\\\\functions\\\\node_modules\\\\firebase-functions\\\\lib\\\\index.js\"}"}}
[debug] [2021-09-15T07:10:35.907Z] [runtime-status] [8976] firebase-admin has been stubbed. {"adminResolution":{"declared":true,"installed":true,"version":"9.11.1","resolution":"C:\\Users\\Ricky\\Desktop\\AmazonClone\\amazon-clone\\amazon-clone\\functions\\node_modules\\firebase-admin\\lib\\index.js"}} {"metadata":{"emulator":{"name":"functions"},"message":"[runtime-status] [8976] firebase-admin has been stubbed. {\"adminResolution\":{\"declared\":true,\"installed\":true,\"version\":\"9.11.1\",\"resolution\":\"C:\\\\Users\\\\Ricky\\\\Desktop\\\\AmazonClone\\\\amazon-clone\\\\amazon-clone\\\\functions\\\\node_modules\\\\firebase-admin\\\\lib\\\\index.js\"}}"}}
[info] +  functions[us-central1-api]: http function initialized (http://localhost:5001/clone-d53f0/us-central1/api). {"metadata":{"emulator":{"name":"functions"},"message":"\u001b[1mhttp\u001b[22m function initialized (http://localhost:5001/clone-d53f0/us-central1/api)."}}
[info] 
┌─────────────────────────────────────────────────────────────┐
│ ✔  All emulators ready! It is now safe to connect your app. │
│ i  View Emulator UI at http://localhost:4000                │
└─────────────────────────────────────────────────────────────┘

┌───────────┬────────────────┬─────────────────────────────────┐
│ Emulator  │ Host:Port      │ View in Emulator UI             │
├───────────┼────────────────┼─────────────────────────────────┤
│ Functions │ localhost:5001 │ http://localhost:4000/functions │
├───────────┼────────────────┼─────────────────────────────────┤
│ Hosting   │ localhost:5000 │ n/a                             │
└───────────┴────────────────┴─────────────────────────────────┘
  Emulator Hub running at localhost:4400
  Other reserved ports: 4500

Issues? Report them at https://github.com/firebase/firebase-tools/issues and attach the *-debug.log files.
 
[debug] [2021-09-15T07:10:36.167Z] [worker-~diagnostic~-63b82a79-25d5-441f-a2fa-e5e024616fcb]: IDLE {"metadata":{"emulator":{"name":"functions"},"message":"[worker-~diagnostic~-63b82a79-25d5-441f-a2fa-e5e024616fcb]: IDLE"}}
[debug] [2021-09-15T07:12:27.404Z] [work-queue] {"queueLength":1,"workRunningCount":0}
[debug] [2021-09-15T07:12:27.405Z] [work-queue] {"queueLength":0,"workRunningCount":1}
[debug] [2021-09-15T07:12:27.406Z] Accepted request GET /clone-d53f0/us-central1/api --> us-central1-api
[debug] [2021-09-15T07:12:27.424Z] [worker-pool] addWorker(us-central1-api) {"metadata":{"emulator":{"name":"functions"},"message":"[worker-pool] addWorker(us-central1-api)"}}
[debug] [2021-09-15T07:12:27.425Z] [worker-pool] Adding worker with key us-central1-api, total=1 {"metadata":{"emulator":{"name":"functions"},"message":"[worker-pool] Adding worker with key us-central1-api, total=1"}}
[debug] [2021-09-15T07:12:27.426Z] [worker-pool] submitWork(triggerId=us-central1-api) {"metadata":{"emulator":{"name":"functions"},"message":"[worker-pool] submitWork(triggerId=us-central1-api)"}}
[debug] [2021-09-15T07:12:27.427Z] [worker-us-central1-api-cb8d8760-7ffa-4851-b716-70af8a20577d]: Assigning socketPath: \\?\pipe\C:\Users\Ricky\Desktop\AmazonClone\amazon-clone\amazon-clone\functions\18700 {"metadata":{"emulator":{"name":"functions"},"message":"[worker-us-central1-api-cb8d8760-7ffa-4851-b716-70af8a20577d]: Assigning socketPath: \\\\?\\pipe\\C:\\Users\\Ricky\\Desktop\\AmazonClone\\amazon-clone\\amazon-clone\\functions\\18700"}}
[debug] [2021-09-15T07:12:27.427Z] [worker-us-central1-api-cb8d8760-7ffa-4851-b716-70af8a20577d]: BUSY {"metadata":{"emulator":{"name":"functions"},"message":"[worker-us-central1-api-cb8d8760-7ffa-4851-b716-70af8a20577d]: BUSY"}}
[debug] [2021-09-15T07:12:27.919Z] [runtime-status] [18700] Functions runtime initialized. {"cwd":"C:\\Users\\Ricky\\Desktop\\AmazonClone\\amazon-clone\\amazon-clone\\functions","node_version":"14.15.1"} {"metadata":{"emulator":{"name":"functions"},"function":{"name":"us-central1-api"},"message":"[runtime-status] [18700] Functions runtime initialized. {\"cwd\":\"C:\\\\Users\\\\Ricky\\\\Desktop\\\\AmazonClone\\\\amazon-clone\\\\amazon-clone\\\\functions\",\"node_version\":\"14.15.1\"}"}}
[debug] [2021-09-15T07:12:27.922Z] [runtime-status] [18700] Disabled runtime features: undefined {"metadata":{"emulator":{"name":"functions"},"function":{"name":"us-central1-api"},"message":"[runtime-status] [18700] Disabled runtime features: undefined"}}
[debug] [2021-09-15T07:12:27.926Z] [runtime-status] [18700] Resolved module firebase-admin {"declared":true,"installed":true,"version":"9.11.1","resolution":"C:\\Users\\Ricky\\Desktop\\AmazonClone\\amazon-clone\\amazon-clone\\functions\\node_modules\\firebase-admin\\lib\\index.js"} {"metadata":{"emulator":{"name":"functions"},"function":{"name":"us-central1-api"},"message":"[runtime-status] [18700] Resolved module firebase-admin {\"declared\":true,\"installed\":true,\"version\":\"9.11.1\",\"resolution\":\"C:\\\\Users\\\\Ricky\\\\Desktop\\\\AmazonClone\\\\amazon-clone\\\\amazon-clone\\\\functions\\\\node_modules\\\\firebase-admin\\\\lib\\\\index.js\"}"}}
[debug] [2021-09-15T07:12:27.931Z] [runtime-status] [18700] Resolved module firebase-functions {"declared":true,"installed":true,"version":"3.15.5","resolution":"C:\\Users\\Ricky\\Desktop\\AmazonClone\\amazon-clone\\amazon-clone\\functions\\node_modules\\firebase-functions\\lib\\index.js"} {"metadata":{"emulator":{"name":"functions"},"function":{"name":"us-central1-api"},"message":"[runtime-status] [18700] Resolved module firebase-functions {\"declared\":true,\"installed\":true,\"version\":\"3.15.5\",\"resolution\":\"C:\\\\Users\\\\Ricky\\\\Desktop\\\\AmazonClone\\\\amazon-clone\\\\amazon-clone\\\\functions\\\\node_modules\\\\firebase-functions\\\\lib\\\\index.js\"}"}}
[debug] [2021-09-15T07:12:27.935Z] [runtime-status] [18700] Resolved module firebase-functions {"declared":true,"installed":true,"version":"3.15.5","resolution":"C:\\Users\\Ricky\\Desktop\\AmazonClone\\amazon-clone\\amazon-clone\\functions\\node_modules\\firebase-functions\\lib\\index.js"} {"metadata":{"emulator":{"name":"functions"},"function":{"name":"us-central1-api"},"message":"[runtime-status] [18700] Resolved module firebase-functions {\"declared\":true,\"installed\":true,\"version\":\"3.15.5\",\"resolution\":\"C:\\\\Users\\\\Ricky\\\\Desktop\\\\AmazonClone\\\\amazon-clone\\\\amazon-clone\\\\functions\\\\node_modules\\\\firebase-functions\\\\lib\\\\index.js\"}"}}
[debug] [2021-09-15T07:12:27.937Z] [runtime-status] [18700] Outgoing network have been stubbed. [{"name":"http","status":"mocked"},{"name":"http","status":"mocked"},{"name":"https","status":"mocked"},{"name":"https","status":"mocked"},{"name":"net","status":"mocked"}] {"metadata":{"emulator":{"name":"functions"},"function":{"name":"us-central1-api"},"message":"[runtime-status] [18700] Outgoing network have been stubbed. [{\"name\":\"http\",\"status\":\"mocked\"},{\"name\":\"http\",\"status\":\"mocked\"},{\"name\":\"https\",\"status\":\"mocked\"},{\"name\":\"https\",\"status\":\"mocked\"},{\"name\":\"net\",\"status\":\"mocked\"}]"}}
[debug] [2021-09-15T07:12:27.937Z] [runtime-status] [18700] Resolved module firebase-functions {"declared":true,"installed":true,"version":"3.15.5","resolution":"C:\\Users\\Ricky\\Desktop\\AmazonClone\\amazon-clone\\amazon-clone\\functions\\node_modules\\firebase-functions\\lib\\index.js"} {"metadata":{"emulator":{"name":"functions"},"function":{"name":"us-central1-api"},"message":"[runtime-status] [18700] Resolved module firebase-functions {\"declared\":true,\"installed\":true,\"version\":\"3.15.5\",\"resolution\":\"C:\\\\Users\\\\Ricky\\\\Desktop\\\\AmazonClone\\\\amazon-clone\\\\amazon-clone\\\\functions\\\\node_modules\\\\firebase-functions\\\\lib\\\\index.js\"}"}}
[debug] [2021-09-15T07:12:27.988Z] [runtime-status] [18700] Checked functions.config() {"config":{}} {"metadata":{"emulator":{"name":"functions"},"function":{"name":"us-central1-api"},"message":"[runtime-status] [18700] Checked functions.config() {\"config\":{}}"}}
[debug] [2021-09-15T07:12:27.988Z] [runtime-status] [18700] firebase-functions has been stubbed. {"functionsResolution":{"declared":true,"installed":true,"version":"3.15.5","resolution":"C:\\Users\\Ricky\\Desktop\\AmazonClone\\amazon-clone\\amazon-clone\\functions\\node_modules\\firebase-functions\\lib\\index.js"}} {"metadata":{"emulator":{"name":"functions"},"function":{"name":"us-central1-api"},"message":"[runtime-status] [18700] firebase-functions has been stubbed. {\"functionsResolution\":{\"declared\":true,\"installed\":true,\"version\":\"3.15.5\",\"resolution\":\"C:\\\\Users\\\\Ricky\\\\Desktop\\\\AmazonClone\\\\amazon-clone\\\\amazon-clone\\\\functions\\\\node_modules\\\\firebase-functions\\\\lib\\\\index.js\"}}"}}
[debug] [2021-09-15T07:12:27.988Z] [runtime-status] [18700] Resolved module firebase-functions {"declared":true,"installed":true,"version":"3.15.5","resolution":"C:\\Users\\Ricky\\Desktop\\AmazonClone\\amazon-clone\\amazon-clone\\functions\\node_modules\\firebase-functions\\lib\\index.js"} {"metadata":{"emulator":{"name":"functions"},"function":{"name":"us-central1-api"},"message":"[runtime-status] [18700] Resolved module firebase-functions {\"declared\":true,\"installed\":true,\"version\":\"3.15.5\",\"resolution\":\"C:\\\\Users\\\\Ricky\\\\Desktop\\\\AmazonClone\\\\amazon-clone\\\\amazon-clone\\\\functions\\\\node_modules\\\\firebase-functions\\\\lib\\\\index.js\"}"}}
[debug] [2021-09-15T07:12:27.990Z] [runtime-status] [18700] Resolved module firebase-admin {"declared":true,"installed":true,"version":"9.11.1","resolution":"C:\\Users\\Ricky\\Desktop\\AmazonClone\\amazon-clone\\amazon-clone\\functions\\node_modules\\firebase-admin\\lib\\index.js"} {"metadata":{"emulator":{"name":"functions"},"function":{"name":"us-central1-api"},"message":"[runtime-status] [18700] Resolved module firebase-admin {\"declared\":true,\"installed\":true,\"version\":\"9.11.1\",\"resolution\":\"C:\\\\Users\\\\Ricky\\\\Desktop\\\\AmazonClone\\\\amazon-clone\\\\amazon-clone\\\\functions\\\\node_modules\\\\firebase-admin\\\\lib\\\\index.js\"}"}}
[debug] [2021-09-15T07:12:27.991Z] [runtime-status] [18700] Resolved module firebase-functions {"declared":true,"installed":true,"version":"3.15.5","resolution":"C:\\Users\\Ricky\\Desktop\\AmazonClone\\amazon-clone\\amazon-clone\\functions\\node_modules\\firebase-functions\\lib\\index.js"} {"metadata":{"emulator":{"name":"functions"},"function":{"name":"us-central1-api"},"message":"[runtime-status] [18700] Resolved module firebase-functions {\"declared\":true,\"installed\":true,\"version\":\"3.15.5\",\"resolution\":\"C:\\\\Users\\\\Ricky\\\\Desktop\\\\AmazonClone\\\\amazon-clone\\\\amazon-clone\\\\functions\\\\node_modules\\\\firebase-functions\\\\lib\\\\index.js\"}"}}
[debug] [2021-09-15T07:12:27.991Z] [runtime-status] [18700] firebase-admin has been stubbed. {"adminResolution":{"declared":true,"installed":true,"version":"9.11.1","resolution":"C:\\Users\\Ricky\\Desktop\\AmazonClone\\amazon-clone\\amazon-clone\\functions\\node_modules\\firebase-admin\\lib\\index.js"}} {"metadata":{"emulator":{"name":"functions"},"function":{"name":"us-central1-api"},"message":"[runtime-status] [18700] firebase-admin has been stubbed. {\"adminResolution\":{\"declared\":true,\"installed\":true,\"version\":\"9.11.1\",\"resolution\":\"C:\\\\Users\\\\Ricky\\\\Desktop\\\\AmazonClone\\\\amazon-clone\\\\amazon-clone\\\\functions\\\\node_modules\\\\firebase-admin\\\\lib\\\\index.js\"}}"}}
[debug] [2021-09-15T07:12:28.172Z] [runtime-status] [18700] Trigger "us-central1-api" has been found, beginning invocation! {"metadata":{"emulator":{"name":"functions"},"function":{"name":"us-central1-api"},"message":"[runtime-status] [18700] Trigger \"us-central1-api\" has been found, beginning invocation!"}}
[info] i  functions: Beginning execution of "us-central1-api" {"metadata":{"emulator":{"name":"functions"},"function":{"name":"us-central1-api"},"message":"Beginning execution of \"us-central1-api\""}}
[debug] [2021-09-15T07:12:28.173Z] [runtime-status] [18700] triggerDefinition {"httpsTrigger":{},"name":"api","entryPoint":"api","regions":["us-central1"],"region":"us-central1","id":"us-central1-api"} {"metadata":{"emulator":{"name":"functions"},"function":{"name":"us-central1-api"},"message":"[runtime-status] [18700] triggerDefinition {\"httpsTrigger\":{},\"name\":\"api\",\"entryPoint\":\"api\",\"regions\":[\"us-central1\"],\"region\":\"us-central1\",\"id\":\"us-central1-api\"}"}}
[debug] [2021-09-15T07:12:28.173Z] [runtime-status] [18700] Running us-central1-api in mode HTTPS {"metadata":{"emulator":{"name":"functions"},"function":{"name":"us-central1-api"},"message":"[runtime-status] [18700] Running us-central1-api in mode HTTPS"}}
[debug] [2021-09-15T07:12:28.178Z] [runtime-status] [18700] Attempting to listen to socketPath: \\?\pipe\C:\Users\Ricky\Desktop\AmazonClone\amazon-clone\amazon-clone\functions\18700 {"metadata":{"emulator":{"name":"functions"},"function":{"name":"us-central1-api"},"message":"[runtime-status] [18700] Attempting to listen to socketPath: \\\\?\\pipe\\C:\\Users\\Ricky\\Desktop\\AmazonClone\\amazon-clone\\amazon-clone\\functions\\18700"}}
[debug] [2021-09-15T07:12:28.181Z] [functions] Runtime ready! Sending request! {"metadata":{"emulator":{"name":"functions"},"message":"[functions] Runtime ready! Sending request!"}}
[debug] [2021-09-15T07:12:28.182Z] [functions] Got req.url=/clone-d53f0/us-central1/api, mapping to path=/ {"metadata":{"emulator":{"name":"functions"},"message":"[functions] Got req.url=/clone-d53f0/us-central1/api, mapping to path=/"}}
[debug] [2021-09-15T07:12:28.188Z] [runtime-status] [18700] Ephemeral server handling GET request {"metadata":{"emulator":{"name":"functions"},"function":{"name":"us-central1-api"},"message":"[runtime-status] [18700] Ephemeral server handling GET request"}}
[debug] [2021-09-15T07:12:28.194Z] [runtime-status] [18700] Ephemeral server survived. {"metadata":{"emulator":{"name":"functions"},"function":{"name":"us-central1-api"},"message":"[runtime-status] [18700] Ephemeral server survived."}}
[info] i  functions: Finished "us-central1-api" in ~1s {"metadata":{"emulator":{"name":"functions"},"function":{"name":"us-central1-api"},"message":"Finished \"us-central1-api\" in ~1s"}}
[debug] [2021-09-15T07:12:28.197Z] [worker-us-central1-api-cb8d8760-7ffa-4851-b716-70af8a20577d]: IDLE {"metadata":{"emulator":{"name":"functions"},"message":"[worker-us-central1-api-cb8d8760-7ffa-4851-b716-70af8a20577d]: IDLE"}}
[debug] [2021-09-15T07:12:28.198Z] [work-queue] {"queueLength":0,"workRunningCount":0}
[debug] [2021-09-15T07:12:28.350Z] Functions emulator received unknown request at path /favicon.ico
[debug] [2021-09-15T07:12:39.205Z] [work-queue] {"queueLength":1,"workRunningCount":0}
[debug] [2021-09-15T07:12:39.206Z] [work-queue] {"queueLength":0,"workRunningCount":1}
[debug] [2021-09-15T07:12:39.206Z] Accepted request GET /clone-d53f0/us-central1/api --> us-central1-api
[debug] [2021-09-15T07:12:39.207Z] [worker-pool] submitWork(triggerId=us-central1-api) {"metadata":{"emulator":{"name":"functions"},"message":"[worker-pool] submitWork(triggerId=us-central1-api)"}}
[debug] [2021-09-15T07:12:39.207Z] [worker-us-central1-api-cb8d8760-7ffa-4851-b716-70af8a20577d]: Assigning socketPath: \\?\pipe\C:\Users\Ricky\Desktop\AmazonClone\amazon-clone\amazon-clone\functions\18700 {"metadata":{"emulator":{"name":"functions"},"message":"[worker-us-central1-api-cb8d8760-7ffa-4851-b716-70af8a20577d]: Assigning socketPath: \\\\?\\pipe\\C:\\Users\\Ricky\\Desktop\\AmazonClone\\amazon-clone\\amazon-clone\\functions\\18700"}}
[debug] [2021-09-15T07:12:39.207Z] [worker-us-central1-api-cb8d8760-7ffa-4851-b716-70af8a20577d]: BUSY {"metadata":{"emulator":{"name":"functions"},"message":"[worker-us-central1-api-cb8d8760-7ffa-4851-b716-70af8a20577d]: BUSY"}}
[debug] [2021-09-15T07:12:39.208Z] [runtime-status] [18700] Trigger "us-central1-api" has been found, beginning invocation! {"metadata":{"emulator":{"name":"functions"},"function":{"name":"us-central1-api"},"message":"[runtime-status] [18700] Trigger \"us-central1-api\" has been found, beginning invocation!"}}
[info] i  functions: Beginning execution of "us-central1-api" {"metadata":{"emulator":{"name":"functions"},"function":{"name":"us-central1-api"},"message":"Beginning execution of \"us-central1-api\""}}
[debug] [2021-09-15T07:12:39.214Z] [runtime-status] [18700] triggerDefinition {"httpsTrigger":{},"name":"api","entryPoint":"api","regions":["us-central1"],"region":"us-central1","id":"us-central1-api"} {"metadata":{"emulator":{"name":"functions"},"function":{"name":"us-central1-api"},"message":"[runtime-status] [18700] triggerDefinition {\"httpsTrigger\":{},\"name\":\"api\",\"entryPoint\":\"api\",\"regions\":[\"us-central1\"],\"region\":\"us-central1\",\"id\":\"us-central1-api\"}"}}
[debug] [2021-09-15T07:12:39.216Z] [runtime-status] [18700] Running us-central1-api in mode HTTPS {"metadata":{"emulator":{"name":"functions"},"function":{"name":"us-central1-api"},"message":"[runtime-status] [18700] Running us-central1-api in mode HTTPS"}}
[debug] [2021-09-15T07:12:39.217Z] [runtime-status] [18700] Attempting to listen to socketPath: \\?\pipe\C:\Users\Ricky\Desktop\AmazonClone\amazon-clone\amazon-clone\functions\18700 {"metadata":{"emulator":{"name":"functions"},"function":{"name":"us-central1-api"},"message":"[runtime-status] [18700] Attempting to listen to socketPath: \\\\?\\pipe\\C:\\Users\\Ricky\\Desktop\\AmazonClone\\amazon-clone\\amazon-clone\\functions\\18700"}}
[debug] [2021-09-15T07:12:39.218Z] [functions] Runtime ready! Sending request! {"metadata":{"emulator":{"name":"functions"},"message":"[functions] Runtime ready! Sending request!"}}
[debug] [2021-09-15T07:12:39.219Z] [functions] Got req.url=/clone-d53f0/us-central1/api, mapping to path=/ {"metadata":{"emulator":{"name":"functions"},"message":"[functions] Got req.url=/clone-d53f0/us-central1/api, mapping to path=/"}}
[debug] [2021-09-15T07:12:39.223Z] [runtime-status] [18700] Ephemeral server handling GET request {"metadata":{"emulator":{"name":"functions"},"function":{"name":"us-central1-api"},"message":"[runtime-status] [18700] Ephemeral server handling GET request"}}
[debug] [2021-09-15T07:12:39.226Z] [runtime-status] [18700] Ephemeral server survived. {"metadata":{"emulator":{"name":"functions"},"function":{"name":"us-central1-api"},"message":"[runtime-status] [18700] Ephemeral server survived."}}
[info] i  functions: Finished "us-central1-api" in ~1s {"metadata":{"emulator":{"name":"functions"},"function":{"name":"us-central1-api"},"message":"Finished \"us-central1-api\" in ~1s"}}
[debug] [2021-09-15T07:12:39.228Z] [worker-us-central1-api-cb8d8760-7ffa-4851-b716-70af8a20577d]: IDLE {"metadata":{"emulator":{"name":"functions"},"message":"[worker-us-central1-api-cb8d8760-7ffa-4851-b716-70af8a20577d]: IDLE"}}
[debug] [2021-09-15T07:12:39.229Z] [work-queue] {"queueLength":0,"workRunningCount":0}
[debug] [2021-09-15T07:14:15.841Z] File C:\Users\Ricky\Desktop\AmazonClone\amazon-clone\amazon-clone\functions\index.js changed, reloading triggers {"metadata":{"emulator":{"name":"functions"},"message":"File C:\\Users\\Ricky\\Desktop\\AmazonClone\\amazon-clone\\amazon-clone\\functions\\index.js changed, reloading triggers"}}
